tensorflow-style-transfer-android-codelab-start/android/build/outputs/logs/manifest-merger-debug-report.txt
-- Merging decision tree log ---
manifest
ADDED from tensorflow-style-transfer-android-codelab-start\android\AndroidManifest.xml:18:1-45:12
MERGED from [org.tensorflow:tensorflow-android:1.7.0] AndroidManifest.xml:2:1-8:12
	package
		ADDED from tensorflow-style-transfer-android-codelab-start\android\AndroidManifest.xml:19:5-34
	xmlns:android
		ADDED from tensorflow-style-transfer-android-codelab-start\android\AndroidManifest.xml:18:11-69
uses-permission#android.permission.CAMERA
ADDED from tensorflow-style-transfer-android-codelab-start\android\AndroidManifest.xml:21:5-65
	android:name
		ADDED from tensorflow-style-transfer-android-codelab-start\android\AndroidManifest.xml:21:22-62
uses-feature#android.hardware.camera
ADDED from tensorflow-style-transfer-android-codelab-start\android\AndroidManifest.xml:22:5-60
	android:name
		ADDED from tensorflow-style-transfer-android-codelab-start\android\AndroidManifest.xml:22:19-57
uses-feature#android.hardware.camera.autofocus
ADDED from tensorflow-style-transfer-android-codelab-start\android\AndroidManifest.xml:23:5-70
	android:name
		ADDED from tensorflow-style-transfer-android-codelab-start\android\AndroidManifest.xml:23:19-67
uses-permission#android.permission.WRITE_EXTERNAL_STORAGE
ADDED from tensorflow-style-transfer-android-codelab-start\android\AndroidManifest.xml:24:5-80
	android:name
		ADDED from tensorflow-style-transfer-android-codelab-start\android\AndroidManifest.xml:24:22-78
uses-sdk
ADDED from tensorflow-style-transfer-android-codelab-start\android\AndroidManifest.xml:26:5-28:41
INJECTED from tensorflow-style-transfer-android-codelab-start\android\AndroidManifest.xml:26:5-28:41
INJECTED from tensorflow-style-transfer-android-codelab-start\android\AndroidManifest.xml:26:5-28:41
INJECTED from tensorflow-style-transfer-android-codelab-start\android\AndroidManifest.xml:26:5-28:41
INJECTED from tensorflow-style-transfer-android-codelab-start\android\AndroidManifest.xml:26:5-28:41
	android:targetSdkVersion
		ADDED from tensorflow-style-transfer-android-codelab-start\android\AndroidManifest.xml:28:9-38
		INJECTED from tensorflow-style-transfer-android-codelab-start\android\AndroidManifest.xml
		INJECTED from tensorflow-style-transfer-android-codelab-start\android\AndroidManifest.xml
	android:minSdkVersion
		ADDED from tensorflow-style-transfer-android-codelab-start\android\AndroidManifest.xml:27:9-35
		INJECTED from tensorflow-style-transfer-android-codelab-start\android\AndroidManifest.xml
		INJECTED from tensorflow-style-transfer-android-codelab-start\android\AndroidManifest.xml
application
ADDED from tensorflow-style-transfer-android-codelab-start\android\AndroidManifest.xml:30:5-43:19
MERGED from [org.tensorflow:tensorflow-android:1.7.0] AndroidManifest.xml:5:5-6:19
MERGED from [org.tensorflow:tensorflow-android:1.7.0] AndroidManifest.xml:5:5-6:19
	android:label
		ADDED from tensorflow-style-transfer-android-codelab-start\android\AndroidManifest.xml:31:9-41
	android:icon
		ADDED from tensorflow-style-transfer-android-codelab-start\android\AndroidManifest.xml:32:9-45
	android:allowBackup
		ADDED from tensorflow-style-transfer-android-codelab-start\android\AndroidManifest.xml:30:18-44
	android:theme
		ADDED from tensorflow-style-transfer-android-codelab-start\android\AndroidManifest.xml:33:9-45
activity#org.tensorflow.demo.StylizeActivity
ADDED from tensorflow-style-transfer-android-codelab-start\android\AndroidManifest.xml:35:9-42:20
	android:screenOrientation
		ADDED from tensorflow-style-transfer-android-codelab-start\android\AndroidManifest.xml:36:19-55
	android:label
		ADDED from tensorflow-style-transfer-android-codelab-start\android\AndroidManifest.xml:37:19-64
	android:name
		ADDED from tensorflow-style-transfer-android-codelab-start\android\AndroidManifest.xml:35:19-69
intent-filter#action:name:android.intent.action.MAIN+category:name:android.intent.category.LAUNCHER
ADDED from tensorflow-style-transfer-android-codelab-start\android\AndroidManifest.xml:38:13-41:29
action#android.intent.action.MAIN
ADDED from tensorflow-style-transfer-android-codelab-start\android\AndroidManifest.xml:39:17-69
	android:name
		ADDED from tensorflow-style-transfer-android-codelab-start\android\AndroidManifest.xml:39:25-66
category#android.intent.category.LAUNCHER
ADDED from tensorflow-style-transfer-android-codelab-start\android\AndroidManifest.xml:40:17-77
	android:name
		ADDED from tensorflow-style-transfer-android-codelab-start\android\AndroidManifest.xml:40:27-74
uses-permission#android.permission.READ_PHONE_STATE
IMPLIED from tensorflow-style-transfer-android-codelab-start\android\AndroidManifest.xml:18:1-45:12 reason: tensorflow.contrib.android has a targetSdkVersion < 4
uses-permission#android.permission.READ_EXTERNAL_STORAGE
IMPLIED from tensorflow-style-transfer-android-codelab-start\android\AndroidManifest.xml:18:1-45:12 reason: tensorflow.contrib.android requested WRITE_EXTERNAL_STORAGE